# JRE version: OpenJDK Runtime Environment (8.0_212-b03) (build 1.8.0_212-8u212-b03-0ubuntu1.16.04.1-b03)
# Java VM: OpenJDK 64-Bit Server VM (25.212-b03 mixed mode linux-amd64 compressed oops)
Heap:
 PSYoungGen      total 224768K, used 15201K [0x00000000d6780000, 0x00000000e5300000, 0x0000000100000000)
  eden space 208384K, 0% used [0x00000000d6780000,0x00000000d6780000,0x00000000e3300000)
  from space 16384K, 92% used [0x00000000e3300000,0x00000000e41d8558,0x00000000e4300000)
  to   space 12288K, 0% used [0x00000000e4700000,0x00000000e4700000,0x00000000e5300000)
 ParOldGen       total 92672K, used 21781K [0x0000000083600000, 0x0000000089080000, 0x00000000d6780000)
  object space 92672K, 23% used [0x0000000083600000,0x0000000084b45600,0x0000000089080000)
 Metaspace       used 42374K, capacity 44516K, committed 44584K, reserved 1087488K
  class space    used 5674K, capacity 6122K, committed 6184K, reserved 1048576K
GC Heap History (10 events):
Event: 17.096 GC heap after
Heap after GC invocations=10 (full 1):
 PSYoungGen      total 134656K, used 12793K [0x00000000d6780000, 0x00000000e1980000, 0x0000000100000000)
  eden space 121856K, 0% used [0x00000000d6780000,0x00000000d6780000,0x00000000dde80000)
  from space 12800K, 99% used [0x00000000dde80000,0x00000000deafe7e0,0x00000000deb00000)
  to   space 16384K, 0% used [0x00000000e0980000,0x00000000e0980000,0x00000000e1980000)
 ParOldGen       total 69120K, used 16705K [0x0000000083600000, 0x0000000087980000, 0x00000000d6780000)
  object space 69120K, 24% used [0x0000000083600000,0x00000000846507c8,0x0000000087980000)
 Metaspace       used 33686K, capacity 35172K, committed 35496K, reserved 1079296K
  class space    used 4440K, capacity 4746K, committed 4776K, reserved 1048576K
}
Event: 17.192 GC heap before
{Heap before GC invocations=11 (full 1):
 PSYoungGen      total 134656K, used 16926K [0x00000000d6780000, 0x00000000e1980000, 0x0000000100000000)
  eden space 121856K, 3% used [0x00000000d6780000,0x00000000d6b89080,0x00000000dde80000)
  from space 12800K, 99% used [0x00000000dde80000,0x00000000deafe7e0,0x00000000deb00000)
  to   space 16384K, 0% used [0x00000000e0980000,0x00000000e0980000,0x00000000e1980000)
 ParOldGen       total 69120K, used 16705K [0x0000000083600000, 0x0000000087980000, 0x00000000d6780000)
  object space 69120K, 24% used [0x0000000083600000,0x00000000846507c8,0x0000000087980000)
 Metaspace       used 33860K, capacity 35388K, committed 35496K, reserved 1079296K
  class space    used 4456K, capacity 4750K, committed 4776K, reserved 1048576K
Event: 17.240 GC heap after
Heap after GC invocations=11 (full 1):
 PSYoungGen      total 164864K, used 13048K [0x00000000d6780000, 0x00000000e3280000, 0x0000000100000000)
  eden space 148480K, 0% used [0x00000000d6780000,0x00000000d6780000,0x00000000df880000)
  from space 16384K, 79% used [0x00000000e0980000,0x00000000e163e258,0x00000000e1980000)
  to   space 17408K, 0% used [0x00000000df880000,0x00000000df880000,0x00000000e0980000)
 ParOldGen       total 69120K, used 16705K [0x0000000083600000, 0x0000000087980000, 0x00000000d6780000)
  object space 69120K, 24% used [0x0000000083600000,0x00000000846507c8,0x0000000087980000)
 Metaspace       used 33860K, capacity 35388K, committed 35496K, reserved 1079296K
  class space    used 4456K, capacity 4750K, committed 4776K, reserved 1048576K
}
Event: 17.240 GC heap before
{Heap before GC invocations=12 (full 2):
 PSYoungGen      total 164864K, used 13048K [0x00000000d6780000, 0x00000000e3280000, 0x0000000100000000)
  eden space 148480K, 0% used [0x00000000d6780000,0x00000000d6780000,0x00000000df880000)
  from space 16384K, 79% used [0x00000000e0980000,0x00000000e163e258,0x00000000e1980000)
  to   space 17408K, 0% used [0x00000000df880000,0x00000000df880000,0x00000000e0980000)
 ParOldGen       total 69120K, used 16705K [0x0000000083600000, 0x0000000087980000, 0x00000000d6780000)
  object space 69120K, 24% used [0x0000000083600000,0x00000000846507c8,0x0000000087980000)
 Metaspace       used 33860K, capacity 35388K, committed 35496K, reserved 1079296K
  class space    used 4456K, capacity 4750K, committed 4776K, reserved 1048576K
Event: 17.449 GC heap after
Heap after GC invocations=12 (full 2):
 PSYoungGen      total 164864K, used 0K [0x00000000d6780000, 0x00000000e3280000, 0x0000000100000000)
  eden space 148480K, 0% used [0x00000000d6780000,0x00000000d6780000,0x00000000df880000)
  from space 16384K, 0% used [0x00000000e0980000,0x00000000e0980000,0x00000000e1980000)
  to   space 17408K, 0% used [0x00000000df880000,0x00000000df880000,0x00000000e0980000)
 ParOldGen       total 92672K, used 21773K [0x0000000083600000, 0x0000000089080000, 0x00000000d6780000)
  object space 92672K, 23% used [0x0000000083600000,0x0000000084b43600,0x0000000089080000)
 Metaspace       used 33860K, capacity 35388K, committed 35496K, reserved 1079296K
  class space    used 4456K, capacity 4750K, committed 4776K, reserved 1048576K
}
Event: 20.724 GC heap before
{Heap before GC invocations=13 (full 2):
 PSYoungGen      total 164864K, used 148480K [0x00000000d6780000, 0x00000000e3280000, 0x0000000100000000)
  eden space 148480K, 100% used [0x00000000d6780000,0x00000000df880000,0x00000000df880000)
  from space 16384K, 0% used [0x00000000e0980000,0x00000000e0980000,0x00000000e1980000)
  to   space 17408K, 0% used [0x00000000df880000,0x00000000df880000,0x00000000e0980000)
 ParOldGen       total 92672K, used 21773K [0x0000000083600000, 0x0000000089080000, 0x00000000d6780000)
  object space 92672K, 23% used [0x0000000083600000,0x0000000084b43600,0x0000000089080000)
 Metaspace       used 37951K, capacity 39828K, committed 40104K, reserved 1083392K
  class space    used 5062K, capacity 5464K, committed 5544K, reserved 1048576K
Event: 20.766 GC heap after
Heap after GC invocations=13 (full 2):
 PSYoungGen      total 165888K, used 7856K [0x00000000d6780000, 0x00000000e5780000, 0x0000000100000000)
  eden space 148480K, 0% used [0x00000000d6780000,0x00000000d6780000,0x00000000df880000)
  from space 17408K, 45% used [0x00000000df880000,0x00000000e002c338,0x00000000e0980000)
  to   space 16896K, 0% used [0x00000000e4700000,0x00000000e4700000,0x00000000e5780000)
 ParOldGen       total 92672K, used 21773K [0x0000000083600000, 0x0000000089080000, 0x00000000d6780000)
  object space 92672K, 23% used [0x0000000083600000,0x0000000084b43600,0x0000000089080000)
 Metaspace       used 37951K, capacity 39828K, committed 40104K, reserved 1083392K
  class space    used 5062K, capacity 5464K, committed 5544K, reserved 1048576K
}
Event: 24.483 GC heap before
{Heap before GC invocations=14 (full 2):
 PSYoungGen      total 165888K, used 156336K [0x00000000d6780000, 0x00000000e5780000, 0x0000000100000000)
  eden space 148480K, 100% used [0x00000000d6780000,0x00000000df880000,0x00000000df880000)
  from space 17408K, 45% used [0x00000000df880000,0x00000000e002c338,0x00000000e0980000)
  to   space 16896K, 0% used [0x00000000e4700000,0x00000000e4700000,0x00000000e5780000)
 ParOldGen       total 92672K, used 21773K [0x0000000083600000, 0x0000000089080000, 0x00000000d6780000)
  object space 92672K, 23% used [0x0000000083600000,0x0000000084b43600,0x0000000089080000)
 Metaspace       used 40366K, capacity 42380K, committed 42536K, reserved 1085440K
  class space    used 5406K, capacity 5834K, committed 5928K, reserved 1048576K
Event: 24.567 GC heap after
Heap after GC invocations=14 (full 2):
 PSYoungGen      total 220672K, used 10346K [0x00000000d6780000, 0x00000000e5300000, 0x0000000100000000)
  eden space 208384K, 0% used [0x00000000d6780000,0x00000000d6780000,0x00000000e3300000)
  from space 12288K, 84% used [0x00000000e4700000,0x00000000e511a868,0x00000000e5300000)
  to   space 16384K, 0% used [0x00000000e3300000,0x00000000e3300000,0x00000000e4300000)
 ParOldGen       total 92672K, used 21781K [0x0000000083600000, 0x0000000089080000, 0x00000000d6780000)
  object space 92672K, 23% used [0x0000000083600000,0x0000000084b45600,0x0000000089080000)
 Metaspace       used 40366K, capacity 42380K, committed 42536K, reserved 1085440K
  class space    used 5406K, capacity 5834K, committed 5928K, reserved 1048576K
}
Event: 27.784 GC heap before
{Heap before GC invocations=15 (full 2):
 PSYoungGen      total 220672K, used 218730K [0x00000000d6780000, 0x00000000e5300000, 0x0000000100000000)
  eden space 208384K, 100% used [0x00000000d6780000,0x00000000e3300000,0x00000000e3300000)
  from space 12288K, 84% used [0x00000000e4700000,0x00000000e511a868,0x00000000e5300000)
  to   space 16384K, 0% used [0x00000000e3300000,0x00000000e3300000,0x00000000e4300000)
 ParOldGen       total 92672K, used 21781K [0x0000000083600000, 0x0000000089080000, 0x00000000d6780000)
  object space 92672K, 23% used [0x0000000083600000,0x0000000084b45600,0x0000000089080000)
 Metaspace       used 42374K, capacity 44516K, committed 44584K, reserved 1087488K
  class space    used 5674K, capacity 6122K, committed 6184K, reserved 1048576K

