# JRE version: OpenJDK Runtime Environment (8.0_212-b03) (build 1.8.0_212-8u212-b03-0ubuntu1.16.04.1-b03)
# Java VM: OpenJDK 64-Bit Server VM (25.212-b03 mixed mode linux-amd64 compressed oops)
Heap:
 PSYoungGen      total 662016K, used 17822K [0x00000000d6780000, 0x00000000fff00000, 0x0000000100000000)
  eden space 644608K, 2% used [0x00000000d6780000,0x00000000d78e79b8,0x00000000fdd00000)
  from space 17408K, 0% used [0x00000000fdd00000,0x00000000fdd00000,0x00000000fee00000)
  to   space 17408K, 0% used [0x00000000fee00000,0x00000000fee00000,0x00000000fff00000)
 ParOldGen       total 132096K, used 132050K [0x0000000083600000, 0x000000008b700000, 0x00000000d6780000)
  object space 132096K, 99% used [0x0000000083600000,0x000000008b6f4928,0x000000008b700000)
 Metaspace       used 70060K, capacity 76406K, committed 76672K, reserved 1116160K
  class space    used 8537K, capacity 9781K, committed 9856K, reserved 1048576K
GC Heap History (10 events):
Event: 2878.723 GC heap after
Heap after GC invocations=44 (full 15):
 PSYoungGen      total 662016K, used 11882K [0x00000000d6780000, 0x00000000fff00000, 0x0000000100000000)
  eden space 644608K, 0% used [0x00000000d6780000,0x00000000d6780000,0x00000000fdd00000)
  from space 17408K, 68% used [0x00000000fdd00000,0x00000000fe89a860,0x00000000fee00000)
  to   space 17408K, 0% used [0x00000000fee00000,0x00000000fee00000,0x00000000fff00000)
 ParOldGen       total 132096K, used 123180K [0x0000000083600000, 0x000000008b700000, 0x00000000d6780000)
  object space 132096K, 93% used [0x0000000083600000,0x000000008ae4b2c8,0x000000008b700000)
 Metaspace       used 66924K, capacity 71250K, committed 71552K, reserved 1112064K
  class space    used 8133K, capacity 9016K, committed 9088K, reserved 1048576K
}
Event: 2878.723 GC heap before
{Heap before GC invocations=45 (full 16):
 PSYoungGen      total 662016K, used 11882K [0x00000000d6780000, 0x00000000fff00000, 0x0000000100000000)
  eden space 644608K, 0% used [0x00000000d6780000,0x00000000d6780000,0x00000000fdd00000)
  from space 17408K, 68% used [0x00000000fdd00000,0x00000000fe89a860,0x00000000fee00000)
  to   space 17408K, 0% used [0x00000000fee00000,0x00000000fee00000,0x00000000fff00000)
 ParOldGen       total 132096K, used 123180K [0x0000000083600000, 0x000000008b700000, 0x00000000d6780000)
  object space 132096K, 93% used [0x0000000083600000,0x000000008ae4b2c8,0x000000008b700000)
 Metaspace       used 66924K, capacity 71250K, committed 71552K, reserved 1112064K
  class space    used 8133K, capacity 9016K, committed 9088K, reserved 1048576K
Event: 2879.225 GC heap after
Heap after GC invocations=45 (full 16):
 PSYoungGen      total 662016K, used 0K [0x00000000d6780000, 0x00000000fff00000, 0x0000000100000000)
  eden space 644608K, 0% used [0x00000000d6780000,0x00000000d6780000,0x00000000fdd00000)
  from space 17408K, 0% used [0x00000000fdd00000,0x00000000fdd00000,0x00000000fee00000)
  to   space 17408K, 0% used [0x00000000fee00000,0x00000000fee00000,0x00000000fff00000)
 ParOldGen       total 132096K, used 130493K [0x0000000083600000, 0x000000008b700000, 0x00000000d6780000)
  object space 132096K, 98% used [0x0000000083600000,0x000000008b56f578,0x000000008b700000)
 Metaspace       used 66920K, capacity 71244K, committed 71552K, reserved 1112064K
  class space    used 8132K, capacity 9015K, committed 9088K, reserved 1048576K
}
Event: 2923.311 GC heap before
{Heap before GC invocations=46 (full 17):
 PSYoungGen      total 662016K, used 478108K [0x00000000d6780000, 0x00000000fff00000, 0x0000000100000000)
  eden space 644608K, 74% used [0x00000000d6780000,0x00000000f3a67140,0x00000000fdd00000)
  from space 17408K, 0% used [0x00000000fdd00000,0x00000000fdd00000,0x00000000fee00000)
  to   space 17408K, 0% used [0x00000000fee00000,0x00000000fee00000,0x00000000fff00000)
 ParOldGen       total 132096K, used 130493K [0x0000000083600000, 0x000000008b700000, 0x00000000d6780000)
  object space 132096K, 98% used [0x0000000083600000,0x000000008b56f578,0x000000008b700000)
 Metaspace       used 67267K, capacity 71746K, committed 72192K, reserved 1112064K
  class space    used 8156K, capacity 9065K, committed 9216K, reserved 1048576K
Event: 2923.821 GC heap after
Heap after GC invocations=46 (full 17):
 PSYoungGen      total 662016K, used 5825K [0x00000000d6780000, 0x00000000fff00000, 0x0000000100000000)
  eden space 644608K, 0% used [0x00000000d6780000,0x00000000d6d30430,0x00000000fdd00000)
  from space 17408K, 0% used [0x00000000fdd00000,0x00000000fdd00000,0x00000000fee00000)
  to   space 17408K, 0% used [0x00000000fee00000,0x00000000fee00000,0x00000000fff00000)
 ParOldGen       total 132096K, used 132090K [0x0000000083600000, 0x000000008b700000, 0x00000000d6780000)
  object space 132096K, 99% used [0x0000000083600000,0x000000008b6fe9d8,0x000000008b700000)
 Metaspace       used 67264K, capacity 71740K, committed 72192K, reserved 1112064K
  class space    used 8155K, capacity 9064K, committed 9216K, reserved 1048576K
}
Event: 3070.346 GC heap before
{Heap before GC invocations=47 (full 18):
 PSYoungGen      total 662016K, used 564819K [0x00000000d6780000, 0x00000000fff00000, 0x0000000100000000)
  eden space 644608K, 87% used [0x00000000d6780000,0x00000000f8f14e18,0x00000000fdd00000)
  from space 17408K, 0% used [0x00000000fdd00000,0x00000000fdd00000,0x00000000fee00000)
  to   space 17408K, 0% used [0x00000000fee00000,0x00000000fee00000,0x00000000fff00000)
 ParOldGen       total 132096K, used 132090K [0x0000000083600000, 0x000000008b700000, 0x00000000d6780000)
  object space 132096K, 99% used [0x0000000083600000,0x000000008b6fe9d8,0x000000008b700000)
 Metaspace       used 67720K, capacity 72300K, committed 72448K, reserved 1112064K
  class space    used 8186K, capacity 9127K, committed 9216K, reserved 1048576K
Event: 3071.304 GC heap after
Heap after GC invocations=47 (full 18):
 PSYoungGen      total 662016K, used 13921K [0x00000000d6780000, 0x00000000fff00000, 0x0000000100000000)
  eden space 644608K, 2% used [0x00000000d6780000,0x00000000d7518530,0x00000000fdd00000)
  from space 17408K, 0% used [0x00000000fdd00000,0x00000000fdd00000,0x00000000fee00000)
  to   space 17408K, 0% used [0x00000000fee00000,0x00000000fee00000,0x00000000fff00000)
 ParOldGen       total 132096K, used 131906K [0x0000000083600000, 0x000000008b700000, 0x00000000d6780000)
  object space 132096K, 99% used [0x0000000083600000,0x000000008b6d0bd8,0x000000008b700000)
 Metaspace       used 67716K, capacity 72294K, committed 72448K, reserved 1112064K
  class space    used 8185K, capacity 9126K, committed 9216K, reserved 1048576K
}
Event: 3168.570 GC heap before
{Heap before GC invocations=48 (full 19):
 PSYoungGen      total 662016K, used 535250K [0x00000000d6780000, 0x00000000fff00000, 0x0000000100000000)
  eden space 644608K, 83% used [0x00000000d6780000,0x00000000f7234ac0,0x00000000fdd00000)
  from space 17408K, 0% used [0x00000000fdd00000,0x00000000fdd00000,0x00000000fee00000)
  to   space 17408K, 0% used [0x00000000fee00000,0x00000000fee00000,0x00000000fff00000)
 ParOldGen       total 132096K, used 131906K [0x0000000083600000, 0x000000008b700000, 0x00000000d6780000)
  object space 132096K, 99% used [0x0000000083600000,0x000000008b6d0bd8,0x000000008b700000)
 Metaspace       used 70033K, capacity 76400K, committed 76672K, reserved 1116160K
  class space    used 8534K, capacity 9778K, committed 9856K, reserved 1048576K
Event: 3169.563 GC heap after
Heap after GC invocations=48 (full 19):
 PSYoungGen      total 662016K, used 21522K [0x00000000d6780000, 0x00000000fff00000, 0x0000000100000000)
  eden space 644608K, 3% used [0x00000000d6780000,0x00000000d7c84b38,0x00000000fdd00000)
  from space 17408K, 0% used [0x00000000fdd00000,0x00000000fdd00000,0x00000000fee00000)
  to   space 17408K, 0% used [0x00000000fee00000,0x00000000fee00000,0x00000000fff00000)
 ParOldGen       total 132096K, used 131855K [0x0000000083600000, 0x000000008b700000, 0x00000000d6780000)
  object space 132096K, 99% used [0x0000000083600000,0x000000008b6c3c40,0x000000008b700000)
 Metaspace       used 70029K, capacity 76394K, committed 76672K, reserved 1116160K
  class space    used 8533K, capacity 9777K, committed 9856K, reserved 1048576K
}
Event: 4140.616 GC heap before
{Heap before GC invocations=49 (full 20):
 PSYoungGen      total 662016K, used 644608K [0x00000000d6780000, 0x00000000fff00000, 0x0000000100000000)
  eden space 644608K, 100% used [0x00000000d6780000,0x00000000fdd00000,0x00000000fdd00000)
  from space 17408K, 0% used [0x00000000fdd00000,0x00000000fdd00000,0x00000000fee00000)
  to   space 17408K, 0% used [0x00000000fee00000,0x00000000fee00000,0x00000000fff00000)
 ParOldGen       total 132096K, used 131855K [0x0000000083600000, 0x000000008b700000, 0x00000000d6780000)
  object space 132096K, 99% used [0x0000000083600000,0x000000008b6c3c40,0x000000008b700000)
 Metaspace       used 70060K, capacity 76406K, committed 76672K, reserved 1116160K
  class space    used 8537K, capacity 9781K, committed 9856K, reserved 1048576K

