# JRE version: OpenJDK Runtime Environment (8.0_212-b03) (build 1.8.0_212-8u212-b03-0ubuntu1.16.04.1-b03)
# Java VM: OpenJDK 64-Bit Server VM (25.212-b03 mixed mode linux-amd64 compressed oops)
Heap:
 PSYoungGen      total 424448K, used 19949K [0x00000000d6780000, 0x00000000f3400000, 0x0000000100000000)
  eden space 404480K, 0% used [0x00000000d6780000,0x00000000d6780000,0x00000000ef280000)
  from space 19968K, 99% used [0x00000000ef280000,0x00000000f05fb408,0x00000000f0600000)
  to   space 18432K, 0% used [0x00000000f0600000,0x00000000f0600000,0x00000000f1800000)
 ParOldGen       total 79872K, used 26865K [0x0000000083600000, 0x0000000088400000, 0x00000000d6780000)
  object space 79872K, 33% used [0x0000000083600000,0x000000008503c538,0x0000000088400000)
 Metaspace       used 48123K, capacity 50406K, committed 50688K, reserved 1093632K
  class space    used 6116K, capacity 6563K, committed 6656K, reserved 1048576K
GC Heap History (10 events):
Event: 1.898 GC heap after
Heap after GC invocations=6 (full 1):
 PSYoungGen      total 136192K, used 0K [0x00000000d6780000, 0x00000000e7a80000, 0x0000000100000000)
  eden space 131072K, 0% used [0x00000000d6780000,0x00000000d6780000,0x00000000de780000)
  from space 5120K, 0% used [0x00000000de780000,0x00000000de780000,0x00000000dec80000)
  to   space 9728K, 0% used [0x00000000e7100000,0x00000000e7100000,0x00000000e7a80000)
 ParOldGen       total 48128K, used 5319K [0x0000000083600000, 0x0000000086500000, 0x00000000d6780000)
  object space 48128K, 11% used [0x0000000083600000,0x0000000083b31cc0,0x0000000086500000)
 Metaspace       used 20569K, capacity 21128K, committed 21296K, reserved 1069056K
  class space    used 2551K, capacity 2669K, committed 2688K, reserved 1048576K
}
Event: 3.514 GC heap before
{Heap before GC invocations=7 (full 1):
 PSYoungGen      total 136192K, used 131072K [0x00000000d6780000, 0x00000000e7a80000, 0x0000000100000000)
  eden space 131072K, 100% used [0x00000000d6780000,0x00000000de780000,0x00000000de780000)
  from space 5120K, 0% used [0x00000000de780000,0x00000000de780000,0x00000000dec80000)
  to   space 9728K, 0% used [0x00000000e7100000,0x00000000e7100000,0x00000000e7a80000)
 ParOldGen       total 48128K, used 5319K [0x0000000083600000, 0x0000000086500000, 0x00000000d6780000)
  object space 48128K, 11% used [0x0000000083600000,0x0000000083b31cc0,0x0000000086500000)
 Metaspace       used 27347K, capacity 28194K, committed 28288K, reserved 1073152K
  class space    used 3436K, capacity 3660K, committed 3712K, reserved 1048576K
Event: 3.544 GC heap after
Heap after GC invocations=7 (full 1):
 PSYoungGen      total 243200K, used 9727K [0x00000000d6780000, 0x00000000e7a80000, 0x0000000100000000)
  eden space 233472K, 0% used [0x00000000d6780000,0x00000000d6780000,0x00000000e4b80000)
  from space 9728K, 99% used [0x00000000e7100000,0x00000000e7a7fc90,0x00000000e7a80000)
  to   space 12800K, 0% used [0x00000000e6180000,0x00000000e6180000,0x00000000e6e00000)
 ParOldGen       total 48128K, used 8258K [0x0000000083600000, 0x0000000086500000, 0x00000000d6780000)
  object space 48128K, 17% used [0x0000000083600000,0x0000000083e10bb0,0x0000000086500000)
 Metaspace       used 27347K, capacity 28194K, committed 28288K, reserved 1073152K
  class space    used 3436K, capacity 3660K, committed 3712K, reserved 1048576K
}
Event: 6.400 GC heap before
{Heap before GC invocations=8 (full 1):
 PSYoungGen      total 243200K, used 225974K [0x00000000d6780000, 0x00000000e7a80000, 0x0000000100000000)
  eden space 233472K, 92% used [0x00000000d6780000,0x00000000e3aadeb8,0x00000000e4b80000)
  from space 9728K, 99% used [0x00000000e7100000,0x00000000e7a7fc90,0x00000000e7a80000)
  to   space 12800K, 0% used [0x00000000e6180000,0x00000000e6180000,0x00000000e6e00000)
 ParOldGen       total 48128K, used 8258K [0x0000000083600000, 0x0000000086500000, 0x00000000d6780000)
  object space 48128K, 17% used [0x0000000083600000,0x0000000083e10bb0,0x0000000086500000)
 Metaspace       used 34136K, capacity 35360K, committed 35496K, reserved 1081344K
  class space    used 4302K, capacity 4550K, committed 4608K, reserved 1048576K
Event: 6.450 GC heap after
Heap after GC invocations=8 (full 1):
 PSYoungGen      total 268800K, used 12789K [0x00000000d6780000, 0x00000000f1800000, 0x0000000100000000)
  eden space 256000K, 0% used [0x00000000d6780000,0x00000000d6780000,0x00000000e6180000)
  from space 12800K, 99% used [0x00000000e6180000,0x00000000e6dfd670,0x00000000e6e00000)
  to   space 18432K, 0% used [0x00000000f0600000,0x00000000f0600000,0x00000000f1800000)
 ParOldGen       total 48128K, used 15167K [0x0000000083600000, 0x0000000086500000, 0x00000000d6780000)
  object space 48128K, 31% used [0x0000000083600000,0x00000000844cff40,0x0000000086500000)
 Metaspace       used 34136K, capacity 35360K, committed 35496K, reserved 1081344K
  class space    used 4302K, capacity 4550K, committed 4608K, reserved 1048576K
}
Event: 6.450 GC heap before
{Heap before GC invocations=9 (full 2):
 PSYoungGen      total 268800K, used 12789K [0x00000000d6780000, 0x00000000f1800000, 0x0000000100000000)
  eden space 256000K, 0% used [0x00000000d6780000,0x00000000d6780000,0x00000000e6180000)
  from space 12800K, 99% used [0x00000000e6180000,0x00000000e6dfd670,0x00000000e6e00000)
  to   space 18432K, 0% used [0x00000000f0600000,0x00000000f0600000,0x00000000f1800000)
 ParOldGen       total 48128K, used 15167K [0x0000000083600000, 0x0000000086500000, 0x00000000d6780000)
  object space 48128K, 31% used [0x0000000083600000,0x00000000844cff40,0x0000000086500000)
 Metaspace       used 34136K, capacity 35360K, committed 35496K, reserved 1081344K
  class space    used 4302K, capacity 4550K, committed 4608K, reserved 1048576K
Event: 6.569 GC heap after
Heap after GC invocations=9 (full 2):
 PSYoungGen      total 268800K, used 0K [0x00000000d6780000, 0x00000000f1800000, 0x0000000100000000)
  eden space 256000K, 0% used [0x00000000d6780000,0x00000000d6780000,0x00000000e6180000)
  from space 12800K, 0% used [0x00000000e6180000,0x00000000e6180000,0x00000000e6e00000)
  to   space 18432K, 0% used [0x00000000f0600000,0x00000000f0600000,0x00000000f1800000)
 ParOldGen       total 79872K, used 23366K [0x0000000083600000, 0x0000000088400000, 0x00000000d6780000)
  object space 79872K, 29% used [0x0000000083600000,0x0000000084cd1af8,0x0000000088400000)
 Metaspace       used 34136K, capacity 35360K, committed 35496K, reserved 1081344K
  class space    used 4302K, capacity 4550K, committed 4608K, reserved 1048576K
}
Event: 12.677 GC heap before
{Heap before GC invocations=10 (full 2):
 PSYoungGen      total 268800K, used 256000K [0x00000000d6780000, 0x00000000f1800000, 0x0000000100000000)
  eden space 256000K, 100% used [0x00000000d6780000,0x00000000e6180000,0x00000000e6180000)
  from space 12800K, 0% used [0x00000000e6180000,0x00000000e6180000,0x00000000e6e00000)
  to   space 18432K, 0% used [0x00000000f0600000,0x00000000f0600000,0x00000000f1800000)
 ParOldGen       total 79872K, used 23366K [0x0000000083600000, 0x0000000088400000, 0x00000000d6780000)
  object space 79872K, 29% used [0x0000000083600000,0x0000000084cd1af8,0x0000000088400000)
 Metaspace       used 43065K, capacity 45020K, committed 45312K, reserved 1089536K
  class space    used 5433K, capacity 5840K, committed 5888K, reserved 1048576K
Event: 12.726 GC heap after
Heap after GC invocations=10 (full 2):
 PSYoungGen      total 422912K, used 15782K [0x00000000d6780000, 0x00000000f3400000, 0x0000000100000000)
  eden space 404480K, 0% used [0x00000000d6780000,0x00000000d6780000,0x00000000ef280000)
  from space 18432K, 85% used [0x00000000f0600000,0x00000000f15698f0,0x00000000f1800000)
  to   space 19968K, 0% used [0x00000000ef280000,0x00000000ef280000,0x00000000f0600000)
 ParOldGen       total 79872K, used 23366K [0x0000000083600000, 0x0000000088400000, 0x00000000d6780000)
  object space 79872K, 29% used [0x0000000083600000,0x0000000084cd1af8,0x0000000088400000)
 Metaspace       used 43065K, capacity 45020K, committed 45312K, reserved 1089536K
  class space    used 5433K, capacity 5840K, committed 5888K, reserved 1048576K
}
Event: 18.506 GC heap before
{Heap before GC invocations=11 (full 2):
 PSYoungGen      total 422912K, used 420262K [0x00000000d6780000, 0x00000000f3400000, 0x0000000100000000)
  eden space 404480K, 100% used [0x00000000d6780000,0x00000000ef280000,0x00000000ef280000)
  from space 18432K, 85% used [0x00000000f0600000,0x00000000f15698f0,0x00000000f1800000)
  to   space 19968K, 0% used [0x00000000ef280000,0x00000000ef280000,0x00000000f0600000)
 ParOldGen       total 79872K, used 23366K [0x0000000083600000, 0x0000000088400000, 0x00000000d6780000)
  object space 79872K, 29% used [0x0000000083600000,0x0000000084cd1af8,0x0000000088400000)
 Metaspace       used 48123K, capacity 50406K, committed 50688K, reserved 1093632K
  class space    used 6116K, capacity 6563K, committed 6656K, reserved 1048576K

